<?xml version="1.0" encoding="UTF-8"?>
<testsuite xmlns:xsi="http://www.w3.org/2001/XMLSchema-instance" xsi:noNamespaceSchemaLocation="https://maven.apache.org/surefire/maven-surefire-plugin/xsd/surefire-test-report-3.0.xsd" version="3.0" name="com.example.payment.controller.PaymentStatusControllerTest" time="5.822" tests="2" errors="0" skipped="0" failures="0">
  <properties>
[...]
</properties>
  <testcase name="getPaymentStatus_ShouldReturnStatus_WhenExists" classname="com.example.payment.controller.PaymentStatusControllerTest" time="0.389">
    <system-out><![CDATA[21:56:36.017 [main] INFO org.springframework.test.context.support.AnnotationConfigContextLoaderUtils -- Could not detect default configuration classes for test class [com.example.payment.controller.PaymentStatusControllerTest]: PaymentStatusControllerTest does not declare any static, non-private, non-final, nested classes annotated with @Configuration.
21:56:36.128 [main] INFO org.springframework.boot.test.context.SpringBootTestContextBootstrapper -- Found @SpringBootConfiguration com.example.payment.PaymentStatusApplication for test class com.example.payment.controller.PaymentStatusControllerTest

  .   ____          _            __ _ _
 /\\ / ___'_ __ _ _(_)_ __  __ _ \ \ \ \
( ( )\___ | '_ | '_| | '_ \/ _` | \ \ \ \
 \\/  ___)| |_)| | | | | || (_| |  ) ) ) )
  '  |____| .__|_| |_|_| |_\__, | / / / /
 =========|_|==============|___/=/_/_/_/
 :: Spring Boot ::                (v3.2.0)

2025-12-15T21:56:36.468+05:30  INFO [payment-status-service,,] 36428 --- [payment-status-service] [           main] [                                                 ] c.e.p.c.PaymentStatusControllerTest      : Starting PaymentStatusControllerTest using Java 24.0.2 with PID 36428 (started by balak in C:\Users\balak\.gemini\antigravity\scratch\student-registration-service\payment-status-service)
2025-12-15T21:56:36.470+05:30  INFO [payment-status-service,,] 36428 --- [payment-status-service] [           main] [                                                 ] c.e.p.c.PaymentStatusControllerTest      : No active profile set, falling back to 1 default profile: "default"
2025-12-15T21:56:37.185+05:30  INFO [payment-status-service,,] 36428 --- [payment-status-service] [           main] [                                                 ] .s.d.r.c.RepositoryConfigurationDelegate : Bootstrapping Spring Data JPA repositories in DEFAULT mode.
2025-12-15T21:56:37.219+05:30  INFO [payment-status-service,,] 36428 --- [payment-status-service] [           main] [                                                 ] .s.d.r.c.RepositoryConfigurationDelegate : Finished Spring Data repository scanning in 29 ms. Found 1 JPA repository interface.
2025-12-15T21:56:37.927+05:30  INFO [payment-status-service,,] 36428 --- [payment-status-service] [           main] [                                                 ] o.hibernate.jpa.internal.util.LogHelper  : HHH000204: Processing PersistenceUnitInfo [name: default]
2025-12-15T21:56:37.978+05:30  INFO [payment-status-service,,] 36428 --- [payment-status-service] [           main] [                                                 ] org.hibernate.Version                    : HHH000412: Hibernate ORM core version 6.3.1.Final
2025-12-15T21:56:38.012+05:30  INFO [payment-status-service,,] 36428 --- [payment-status-service] [           main] [                                                 ] o.h.c.internal.RegionFactoryInitiator    : HHH000026: Second-level cache disabled
2025-12-15T21:56:38.263+05:30  INFO [payment-status-service,,] 36428 --- [payment-status-service] [           main] [                                                 ] o.s.o.j.p.SpringPersistenceUnitInfo      : No LoadTimeWeaver setup: ignoring JPA class transformer
2025-12-15T21:56:38.281+05:30  INFO [payment-status-service,,] 36428 --- [payment-status-service] [           main] [                                                 ] com.zaxxer.hikari.HikariDataSource       : HikariPool-1 - Starting...
2025-12-15T21:56:38.395+05:30  INFO [payment-status-service,,] 36428 --- [payment-status-service] [           main] [                                                 ] com.zaxxer.hikari.pool.HikariPool        : HikariPool-1 - Added connection conn0: url=jdbc:h2:mem:testdb user=SA
2025-12-15T21:56:38.396+05:30  INFO [payment-status-service,,] 36428 --- [payment-status-service] [           main] [                                                 ] com.zaxxer.hikari.HikariDataSource       : HikariPool-1 - Start completed.
2025-12-15T21:56:38.410+05:30  WARN [payment-status-service,,] 36428 --- [payment-status-service] [           main] [                                                 ] org.hibernate.orm.deprecation            : HHH90000025: H2Dialect does not need to be specified explicitly using 'hibernate.dialect' (remove the property setting and it will be selected by default)
2025-12-15T21:56:38.875+05:30  INFO [payment-status-service,,] 36428 --- [payment-status-service] [           main] [                                                 ] o.h.e.t.j.p.i.JtaPlatformInitiator       : HHH000489: No JTA platform available (set 'hibernate.transaction.jta.platform' to enable JTA platform integration)
Hibernate: create table payment_status (id bigint generated by default as identity, order_id varchar(255), payment_status varchar(255) check (payment_status in ('SUCCESS','FAILED','COD','PROCESSING')), primary key (id))
Hibernate: alter table if exists payment_status drop constraint if exists UK_9uu06pv0dpwec6ryxnslwh1xt
Hibernate: alter table if exists payment_status add constraint UK_9uu06pv0dpwec6ryxnslwh1xt unique (order_id)
2025-12-15T21:56:38.914+05:30  INFO [payment-status-service,,] 36428 --- [payment-status-service] [           main] [                                                 ] j.LocalContainerEntityManagerFactoryBean : Initialized JPA EntityManagerFactory for persistence unit 'default'
2025-12-15T21:56:39.846+05:30  WARN [payment-status-service,,] 36428 --- [payment-status-service] [           main] [                                                 ] JpaBaseConfiguration$JpaWebConfiguration : spring.jpa.open-in-view is enabled by default. Therefore, database queries may be performed during view rendering. Explicitly configure spring.jpa.open-in-view to disable this warning
2025-12-15T21:56:40.967+05:30  INFO [payment-status-service,,] 36428 --- [payment-status-service] [           main] [                                                 ] o.s.b.a.h2.H2ConsoleAutoConfiguration    : H2 console available at '/h2-console'. Database available at 'jdbc:h2:mem:testdb'
2025-12-15T21:56:41.032+05:30  INFO [payment-status-service,,] 36428 --- [payment-status-service] [           main] [                                                 ] o.s.b.t.m.w.SpringBootMockServletContext : Initializing Spring TestDispatcherServlet ''
2025-12-15T21:56:41.032+05:30  INFO [payment-status-service,,] 36428 --- [payment-status-service] [           main] [                                                 ] o.s.t.web.servlet.TestDispatcherServlet  : Initializing Servlet ''
2025-12-15T21:56:41.048+05:30  INFO [payment-status-service,,] 36428 --- [payment-status-service] [           main] [                                                 ] o.s.b.a.e.web.EndpointLinksResolver      : Exposing 1 endpoint(s) beneath base path '/actuator'
2025-12-15T21:56:41.068+05:30  INFO [payment-status-service,,] 36428 --- [payment-status-service] [           main] [                                                 ] o.s.t.web.servlet.TestDispatcherServlet  : Completed initialization in 34 ms
2025-12-15T21:56:41.158+05:30  INFO [payment-status-service,,] 36428 --- [payment-status-service] [           main] [                                                 ] c.e.p.c.PaymentStatusControllerTest      : Started PaymentStatusControllerTest in 4.934 seconds (process running for 5.627)
Hibernate: select ps1_0.id,ps1_0.order_id,ps1_0.payment_status from payment_status ps1_0 where ps1_0.id=?
Hibernate: insert into payment_status (order_id,payment_status,id) values (?,?,default)
Hibernate: select ps1_0.id,ps1_0.order_id,ps1_0.payment_status from payment_status ps1_0 where ps1_0.id=?
Hibernate: insert into payment_status (order_id,payment_status,id) values (?,?,default)
Hibernate: select ps1_0.id,ps1_0.order_id,ps1_0.payment_status from payment_status ps1_0 where ps1_0.id=?
Hibernate: insert into payment_status (order_id,payment_status,id) values (?,?,default)
2025-12-15T21:56:41.612+05:30  INFO [payment-status-service,5c5223b14bcb3e839fd31d4da342db79,2ccb21c8d6773ae4] 36428 --- [payment-status-service] [           main] [5c5223b14bcb3e839fd31d4da342db79-2ccb21c8d6773ae4] c.e.p.c.PaymentStatusController          : Received request to get status for orderId: 1
2025-12-15T21:56:41.613+05:30  INFO [payment-status-service,5c5223b14bcb3e839fd31d4da342db79,2ccb21c8d6773ae4] 36428 --- [payment-status-service] [           main] [5c5223b14bcb3e839fd31d4da342db79-2ccb21c8d6773ae4] c.e.p.service.PaymentStatusService       : Entering getPaymentStatus for orderId: 1
Hibernate: select ps1_0.id,ps1_0.order_id,ps1_0.payment_status from payment_status ps1_0 where ps1_0.order_id=?
2025-12-15T21:56:41.664+05:30  INFO [payment-status-service,5c5223b14bcb3e839fd31d4da342db79,2ccb21c8d6773ae4] 36428 --- [payment-status-service] [           main] [5c5223b14bcb3e839fd31d4da342db79-2ccb21c8d6773ae4] c.e.p.service.PaymentStatusService       : Exiting getPaymentStatus for orderId: 1, found: true
]]></system-out>
    <system-err><![CDATA[WARNING: A Java agent has been loaded dynamically (C:\Users\balak\.m2\repository\net\bytebuddy\byte-buddy-agent\1.14.10\byte-buddy-agent-1.14.10.jar)
WARNING: If a serviceability tool is in use, please run with -XX:+EnableDynamicAgentLoading to hide this warning
WARNING: If a serviceability tool is not in use, please run with -Djdk.instrument.traceUsage for more information
WARNING: Dynamic loading of agents will be disallowed by default in a future release
]]></system-err>
  </testcase>
  <testcase name="getPaymentStatus_ShouldReturn404_WhenNotFound" classname="com.example.payment.controller.PaymentStatusControllerTest" time="0.014">
    <system-out><![CDATA[2025-12-15T21:56:41.730+05:30  INFO [payment-status-service,243dfc6e629c8f25769be2d4e0d36e60,0f7347e2f3959f63] 36428 --- [payment-status-service] [           main] [243dfc6e629c8f25769be2d4e0d36e60-0f7347e2f3959f63] c.e.p.c.PaymentStatusController          : Received request to get status for orderId: 999
2025-12-15T21:56:41.730+05:30  INFO [payment-status-service,243dfc6e629c8f25769be2d4e0d36e60,0f7347e2f3959f63] 36428 --- [payment-status-service] [           main] [243dfc6e629c8f25769be2d4e0d36e60-0f7347e2f3959f63] c.e.p.service.PaymentStatusService       : Entering getPaymentStatus for orderId: 999
Hibernate: select ps1_0.id,ps1_0.order_id,ps1_0.payment_status from payment_status ps1_0 where ps1_0.order_id=?
2025-12-15T21:56:41.731+05:30  INFO [payment-status-service,243dfc6e629c8f25769be2d4e0d36e60,0f7347e2f3959f63] 36428 --- [payment-status-service] [           main] [243dfc6e629c8f25769be2d4e0d36e60-0f7347e2f3959f63] c.e.p.service.PaymentStatusService       : Exiting getPaymentStatus for orderId: 999, found: false
]]></system-out>
  </testcase>
</testsuite>